ERROR - 2023-03-01 12:09:30 --> Error connecting to the database: mysqli_sql_exception: A connection attempt failed because the connected party did not properly respond after a period of time, or established connection failed because connected host has failed to respond.
 in C:\wampserver64\www\lab3\ci4\system\Database\MySQLi\Connection.php:174
Stack trace:
#0 C:\wampserver64\www\lab3\ci4\system\Database\MySQLi\Connection.php(174): mysqli->real_connect('192.168.150.213', 'webprogmi212', 'b3ntRhino98', 'webprogmi212', 3306, '', 0)
#1 C:\wampserver64\www\lab3\ci4\system\Database\BaseConnection.php(391): CodeIgniter\Database\MySQLi\Connection->connect(false)
#2 C:\wampserver64\www\lab3\ci4\system\Database\BaseConnection.php(573): CodeIgniter\Database\BaseConnection->initialize()
#3 C:\wampserver64\www\lab3\ci4\system\Database\BaseBuilder.php(1602): CodeIgniter\Database\BaseConnection->query('SELECT *\nFROM `...', Array, false)
#4 C:\wampserver64\www\lab3\ci4\system\Model.php(240): CodeIgniter\Database\BaseBuilder->get()
#5 C:\wampserver64\www\lab3\ci4\system\BaseModel.php(618): CodeIgniter\Model->doFindAll(0, 0)
#6 C:\wampserver64\www\lab3\ci4\app\Models\NewsModel.php(14): CodeIgniter\BaseModel->findAll()
#7 C:\wampserver64\www\lab3\ci4\app\Controllers\News.php(14): App\Models\NewsModel->getNews()
#8 C:\wampserver64\www\lab3\ci4\system\CodeIgniter.php(934): App\Controllers\News->index()
#9 C:\wampserver64\www\lab3\ci4\system\CodeIgniter.php(499): CodeIgniter\CodeIgniter->runController(Object(App\Controllers\News))
#10 C:\wampserver64\www\lab3\ci4\system\CodeIgniter.php(368): CodeIgniter\CodeIgniter->handleRequest(NULL, Object(Config\Cache), false)
#11 C:\wampserver64\www\lab3\ci4\public\index.php(67): CodeIgniter\CodeIgniter->run()
#12 {main}

Next CodeIgniter\Database\Exceptions\DatabaseException: A connection attempt failed because the connected party did not properly respond after a period of time, or established connection failed because connected host has failed to respond.
 in C:\wampserver64\www\lab3\ci4\system\Database\MySQLi\Connection.php:218
Stack trace:
#0 C:\wampserver64\www\lab3\ci4\system\Database\BaseConnection.php(391): CodeIgniter\Database\MySQLi\Connection->connect(false)
#1 C:\wampserver64\www\lab3\ci4\system\Database\BaseConnection.php(573): CodeIgniter\Database\BaseConnection->initialize()
#2 C:\wampserver64\www\lab3\ci4\system\Database\BaseBuilder.php(1602): CodeIgniter\Database\BaseConnection->query('SELECT *\nFROM `...', Array, false)
#3 C:\wampserver64\www\lab3\ci4\system\Model.php(240): CodeIgniter\Database\BaseBuilder->get()
#4 C:\wampserver64\www\lab3\ci4\system\BaseModel.php(618): CodeIgniter\Model->doFindAll(0, 0)
#5 C:\wampserver64\www\lab3\ci4\app\Models\NewsModel.php(14): CodeIgniter\BaseModel->findAll()
#6 C:\wampserver64\www\lab3\ci4\app\Controllers\News.php(14): App\Models\NewsModel->getNews()
#7 C:\wampserver64\www\lab3\ci4\system\CodeIgniter.php(934): App\Controllers\News->index()
#8 C:\wampserver64\www\lab3\ci4\system\CodeIgniter.php(499): CodeIgniter\CodeIgniter->runController(Object(App\Controllers\News))
#9 C:\wampserver64\www\lab3\ci4\system\CodeIgniter.php(368): CodeIgniter\CodeIgniter->handleRequest(NULL, Object(Config\Cache), false)
#10 C:\wampserver64\www\lab3\ci4\public\index.php(67): CodeIgniter\CodeIgniter->run()
#11 {main}
CRITICAL - 2023-03-01 12:09:30 --> Unable to connect to the database.
Main connection [MySQLi]: A connection attempt failed because the connected party did not properly respond after a period of time, or established connection failed because connected host has failed to respond.

in SYSTEMPATH\Database\BaseConnection.php on line 427.
 1 SYSTEMPATH\Database\BaseConnection.php(573): CodeIgniter\Database\BaseConnection->initialize()
 2 SYSTEMPATH\Database\BaseBuilder.php(1602): CodeIgniter\Database\BaseConnection->query('SELECT *
FROM `krbondoc_News`', [], false)
 3 SYSTEMPATH\Model.php(240): CodeIgniter\Database\BaseBuilder->get()
 4 SYSTEMPATH\BaseModel.php(618): CodeIgniter\Model->doFindAll(0, 0)
 5 APPPATH\Models\NewsModel.php(14): CodeIgniter\BaseModel->findAll()
 6 APPPATH\Controllers\News.php(14): App\Models\NewsModel->getNews()
 7 SYSTEMPATH\CodeIgniter.php(934): App\Controllers\News->index()
 8 SYSTEMPATH\CodeIgniter.php(499): CodeIgniter\CodeIgniter->runController(Object(App\Controllers\News))
 9 SYSTEMPATH\CodeIgniter.php(368): CodeIgniter\CodeIgniter->handleRequest(null, Object(Config\Cache), false)
10 FCPATH\index.php(67): CodeIgniter\CodeIgniter->run()
ERROR - 2023-03-01 12:21:12 --> Error connecting to the database: mysqli_sql_exception: A connection attempt failed because the connected party did not properly respond after a period of time, or established connection failed because connected host has failed to respond.
 in C:\wampserver64\www\lab3\ci4\system\Database\MySQLi\Connection.php:174
Stack trace:
#0 C:\wampserver64\www\lab3\ci4\system\Database\MySQLi\Connection.php(174): mysqli->real_connect('192.168.150.213', 'webprogmi212', 'b3ntRhino98', 'webprogmi212', 3306, '', 0)
#1 C:\wampserver64\www\lab3\ci4\system\Database\BaseConnection.php(391): CodeIgniter\Database\MySQLi\Connection->connect(false)
#2 C:\wampserver64\www\lab3\ci4\system\Database\BaseConnection.php(573): CodeIgniter\Database\BaseConnection->initialize()
#3 C:\wampserver64\www\lab3\ci4\system\Database\BaseBuilder.php(1602): CodeIgniter\Database\BaseConnection->query('SELECT *\nFROM `...', Array, false)
#4 C:\wampserver64\www\lab3\ci4\system\Model.php(240): CodeIgniter\Database\BaseBuilder->get()
#5 C:\wampserver64\www\lab3\ci4\system\BaseModel.php(618): CodeIgniter\Model->doFindAll(0, 0)
#6 C:\wampserver64\www\lab3\ci4\app\Models\NewsModel.php(16): CodeIgniter\BaseModel->findAll()
#7 C:\wampserver64\www\lab3\ci4\app\Controllers\News.php(14): App\Models\NewsModel->getNews()
#8 C:\wampserver64\www\lab3\ci4\system\CodeIgniter.php(934): App\Controllers\News->index()
#9 C:\wampserver64\www\lab3\ci4\system\CodeIgniter.php(499): CodeIgniter\CodeIgniter->runController(Object(App\Controllers\News))
#10 C:\wampserver64\www\lab3\ci4\system\CodeIgniter.php(368): CodeIgniter\CodeIgniter->handleRequest(NULL, Object(Config\Cache), false)
#11 C:\wampserver64\www\lab3\ci4\public\index.php(67): CodeIgniter\CodeIgniter->run()
#12 {main}

Next CodeIgniter\Database\Exceptions\DatabaseException: A connection attempt failed because the connected party did not properly respond after a period of time, or established connection failed because connected host has failed to respond.
 in C:\wampserver64\www\lab3\ci4\system\Database\MySQLi\Connection.php:218
Stack trace:
#0 C:\wampserver64\www\lab3\ci4\system\Database\BaseConnection.php(391): CodeIgniter\Database\MySQLi\Connection->connect(false)
#1 C:\wampserver64\www\lab3\ci4\system\Database\BaseConnection.php(573): CodeIgniter\Database\BaseConnection->initialize()
#2 C:\wampserver64\www\lab3\ci4\system\Database\BaseBuilder.php(1602): CodeIgniter\Database\BaseConnection->query('SELECT *\nFROM `...', Array, false)
#3 C:\wampserver64\www\lab3\ci4\system\Model.php(240): CodeIgniter\Database\BaseBuilder->get()
#4 C:\wampserver64\www\lab3\ci4\system\BaseModel.php(618): CodeIgniter\Model->doFindAll(0, 0)
#5 C:\wampserver64\www\lab3\ci4\app\Models\NewsModel.php(16): CodeIgniter\BaseModel->findAll()
#6 C:\wampserver64\www\lab3\ci4\app\Controllers\News.php(14): App\Models\NewsModel->getNews()
#7 C:\wampserver64\www\lab3\ci4\system\CodeIgniter.php(934): App\Controllers\News->index()
#8 C:\wampserver64\www\lab3\ci4\system\CodeIgniter.php(499): CodeIgniter\CodeIgniter->runController(Object(App\Controllers\News))
#9 C:\wampserver64\www\lab3\ci4\system\CodeIgniter.php(368): CodeIgniter\CodeIgniter->handleRequest(NULL, Object(Config\Cache), false)
#10 C:\wampserver64\www\lab3\ci4\public\index.php(67): CodeIgniter\CodeIgniter->run()
#11 {main}
CRITICAL - 2023-03-01 12:21:12 --> Unable to connect to the database.
Main connection [MySQLi]: A connection attempt failed because the connected party did not properly respond after a period of time, or established connection failed because connected host has failed to respond.

in SYSTEMPATH\Database\BaseConnection.php on line 427.
 1 SYSTEMPATH\Database\BaseConnection.php(573): CodeIgniter\Database\BaseConnection->initialize()
 2 SYSTEMPATH\Database\BaseBuilder.php(1602): CodeIgniter\Database\BaseConnection->query('SELECT *
FROM `news`', [], false)
 3 SYSTEMPATH\Model.php(240): CodeIgniter\Database\BaseBuilder->get()
 4 SYSTEMPATH\BaseModel.php(618): CodeIgniter\Model->doFindAll(0, 0)
 5 APPPATH\Models\NewsModel.php(16): CodeIgniter\BaseModel->findAll()
 6 APPPATH\Controllers\News.php(14): App\Models\NewsModel->getNews()
 7 SYSTEMPATH\CodeIgniter.php(934): App\Controllers\News->index()
 8 SYSTEMPATH\CodeIgniter.php(499): CodeIgniter\CodeIgniter->runController(Object(App\Controllers\News))
 9 SYSTEMPATH\CodeIgniter.php(368): CodeIgniter\CodeIgniter->handleRequest(null, Object(Config\Cache), false)
10 FCPATH\index.php(67): CodeIgniter\CodeIgniter->run()
ERROR - 2023-03-01 12:31:22 --> Error connecting to the database: mysqli_sql_exception: Access denied for user ''@'localhost' to database 'root' in C:\wampserver64\www\lab3\ci4\system\Database\MySQLi\Connection.php:174
Stack trace:
#0 C:\wampserver64\www\lab3\ci4\system\Database\MySQLi\Connection.php(174): mysqli->real_connect('localhost', '', '', 'root', 3306, '', 0)
#1 C:\wampserver64\www\lab3\ci4\system\Database\BaseConnection.php(391): CodeIgniter\Database\MySQLi\Connection->connect(false)
#2 C:\wampserver64\www\lab3\ci4\system\Database\BaseConnection.php(573): CodeIgniter\Database\BaseConnection->initialize()
#3 C:\wampserver64\www\lab3\ci4\system\Database\BaseBuilder.php(1602): CodeIgniter\Database\BaseConnection->query('SELECT *\nFROM `...', Array, false)
#4 C:\wampserver64\www\lab3\ci4\system\Model.php(240): CodeIgniter\Database\BaseBuilder->get()
#5 C:\wampserver64\www\lab3\ci4\system\BaseModel.php(618): CodeIgniter\Model->doFindAll(0, 0)
#6 C:\wampserver64\www\lab3\ci4\app\Models\NewsModel.php(16): CodeIgniter\BaseModel->findAll()
#7 C:\wampserver64\www\lab3\ci4\app\Controllers\News.php(14): App\Models\NewsModel->getNews()
#8 C:\wampserver64\www\lab3\ci4\system\CodeIgniter.php(934): App\Controllers\News->index()
#9 C:\wampserver64\www\lab3\ci4\system\CodeIgniter.php(499): CodeIgniter\CodeIgniter->runController(Object(App\Controllers\News))
#10 C:\wampserver64\www\lab3\ci4\system\CodeIgniter.php(368): CodeIgniter\CodeIgniter->handleRequest(NULL, Object(Config\Cache), false)
#11 C:\wampserver64\www\lab3\ci4\public\index.php(67): CodeIgniter\CodeIgniter->run()
#12 {main}

Next CodeIgniter\Database\Exceptions\DatabaseException: Access denied for user ''@'localhost' to database 'root' in C:\wampserver64\www\lab3\ci4\system\Database\MySQLi\Connection.php:218
Stack trace:
#0 C:\wampserver64\www\lab3\ci4\system\Database\BaseConnection.php(391): CodeIgniter\Database\MySQLi\Connection->connect(false)
#1 C:\wampserver64\www\lab3\ci4\system\Database\BaseConnection.php(573): CodeIgniter\Database\BaseConnection->initialize()
#2 C:\wampserver64\www\lab3\ci4\system\Database\BaseBuilder.php(1602): CodeIgniter\Database\BaseConnection->query('SELECT *\nFROM `...', Array, false)
#3 C:\wampserver64\www\lab3\ci4\system\Model.php(240): CodeIgniter\Database\BaseBuilder->get()
#4 C:\wampserver64\www\lab3\ci4\system\BaseModel.php(618): CodeIgniter\Model->doFindAll(0, 0)
#5 C:\wampserver64\www\lab3\ci4\app\Models\NewsModel.php(16): CodeIgniter\BaseModel->findAll()
#6 C:\wampserver64\www\lab3\ci4\app\Controllers\News.php(14): App\Models\NewsModel->getNews()
#7 C:\wampserver64\www\lab3\ci4\system\CodeIgniter.php(934): App\Controllers\News->index()
#8 C:\wampserver64\www\lab3\ci4\system\CodeIgniter.php(499): CodeIgniter\CodeIgniter->runController(Object(App\Controllers\News))
#9 C:\wampserver64\www\lab3\ci4\system\CodeIgniter.php(368): CodeIgniter\CodeIgniter->handleRequest(NULL, Object(Config\Cache), false)
#10 C:\wampserver64\www\lab3\ci4\public\index.php(67): CodeIgniter\CodeIgniter->run()
#11 {main}
CRITICAL - 2023-03-01 12:31:22 --> Unable to connect to the database.
Main connection [MySQLi]: Access denied for user ''@'localhost' to database 'root'
in SYSTEMPATH\Database\BaseConnection.php on line 427.
 1 SYSTEMPATH\Database\BaseConnection.php(573): CodeIgniter\Database\BaseConnection->initialize()
 2 SYSTEMPATH\Database\BaseBuilder.php(1602): CodeIgniter\Database\BaseConnection->query('SELECT *
FROM `news`', [], false)
 3 SYSTEMPATH\Model.php(240): CodeIgniter\Database\BaseBuilder->get()
 4 SYSTEMPATH\BaseModel.php(618): CodeIgniter\Model->doFindAll(0, 0)
 5 APPPATH\Models\NewsModel.php(16): CodeIgniter\BaseModel->findAll()
 6 APPPATH\Controllers\News.php(14): App\Models\NewsModel->getNews()
 7 SYSTEMPATH\CodeIgniter.php(934): App\Controllers\News->index()
 8 SYSTEMPATH\CodeIgniter.php(499): CodeIgniter\CodeIgniter->runController(Object(App\Controllers\News))
 9 SYSTEMPATH\CodeIgniter.php(368): CodeIgniter\CodeIgniter->handleRequest(null, Object(Config\Cache), false)
10 FCPATH\index.php(67): CodeIgniter\CodeIgniter->run()
ERROR - 2023-03-01 12:32:44 --> Error connecting to the database: mysqli_sql_exception: Unknown database 'createnews' in C:\wampserver64\www\lab3\ci4\system\Database\MySQLi\Connection.php:174
Stack trace:
#0 C:\wampserver64\www\lab3\ci4\system\Database\MySQLi\Connection.php(174): mysqli->real_connect('localhost', 'root', '', 'createNews', 3306, '', 0)
#1 C:\wampserver64\www\lab3\ci4\system\Database\BaseConnection.php(391): CodeIgniter\Database\MySQLi\Connection->connect(false)
#2 C:\wampserver64\www\lab3\ci4\system\Database\BaseConnection.php(573): CodeIgniter\Database\BaseConnection->initialize()
#3 C:\wampserver64\www\lab3\ci4\system\Database\BaseBuilder.php(1602): CodeIgniter\Database\BaseConnection->query('SELECT *\nFROM `...', Array, false)
#4 C:\wampserver64\www\lab3\ci4\system\Model.php(240): CodeIgniter\Database\BaseBuilder->get()
#5 C:\wampserver64\www\lab3\ci4\system\BaseModel.php(618): CodeIgniter\Model->doFindAll(0, 0)
#6 C:\wampserver64\www\lab3\ci4\app\Models\NewsModel.php(16): CodeIgniter\BaseModel->findAll()
#7 C:\wampserver64\www\lab3\ci4\app\Controllers\News.php(14): App\Models\NewsModel->getNews()
#8 C:\wampserver64\www\lab3\ci4\system\CodeIgniter.php(934): App\Controllers\News->index()
#9 C:\wampserver64\www\lab3\ci4\system\CodeIgniter.php(499): CodeIgniter\CodeIgniter->runController(Object(App\Controllers\News))
#10 C:\wampserver64\www\lab3\ci4\system\CodeIgniter.php(368): CodeIgniter\CodeIgniter->handleRequest(NULL, Object(Config\Cache), false)
#11 C:\wampserver64\www\lab3\ci4\public\index.php(67): CodeIgniter\CodeIgniter->run()
#12 {main}

Next CodeIgniter\Database\Exceptions\DatabaseException: Unknown database 'createnews' in C:\wampserver64\www\lab3\ci4\system\Database\MySQLi\Connection.php:218
Stack trace:
#0 C:\wampserver64\www\lab3\ci4\system\Database\BaseConnection.php(391): CodeIgniter\Database\MySQLi\Connection->connect(false)
#1 C:\wampserver64\www\lab3\ci4\system\Database\BaseConnection.php(573): CodeIgniter\Database\BaseConnection->initialize()
#2 C:\wampserver64\www\lab3\ci4\system\Database\BaseBuilder.php(1602): CodeIgniter\Database\BaseConnection->query('SELECT *\nFROM `...', Array, false)
#3 C:\wampserver64\www\lab3\ci4\system\Model.php(240): CodeIgniter\Database\BaseBuilder->get()
#4 C:\wampserver64\www\lab3\ci4\system\BaseModel.php(618): CodeIgniter\Model->doFindAll(0, 0)
#5 C:\wampserver64\www\lab3\ci4\app\Models\NewsModel.php(16): CodeIgniter\BaseModel->findAll()
#6 C:\wampserver64\www\lab3\ci4\app\Controllers\News.php(14): App\Models\NewsModel->getNews()
#7 C:\wampserver64\www\lab3\ci4\system\CodeIgniter.php(934): App\Controllers\News->index()
#8 C:\wampserver64\www\lab3\ci4\system\CodeIgniter.php(499): CodeIgniter\CodeIgniter->runController(Object(App\Controllers\News))
#9 C:\wampserver64\www\lab3\ci4\system\CodeIgniter.php(368): CodeIgniter\CodeIgniter->handleRequest(NULL, Object(Config\Cache), false)
#10 C:\wampserver64\www\lab3\ci4\public\index.php(67): CodeIgniter\CodeIgniter->run()
#11 {main}
CRITICAL - 2023-03-01 12:32:44 --> Unable to connect to the database.
Main connection [MySQLi]: Unknown database 'createnews'
in SYSTEMPATH\Database\BaseConnection.php on line 427.
 1 SYSTEMPATH\Database\BaseConnection.php(573): CodeIgniter\Database\BaseConnection->initialize()
 2 SYSTEMPATH\Database\BaseBuilder.php(1602): CodeIgniter\Database\BaseConnection->query('SELECT *
FROM `news`', [], false)
 3 SYSTEMPATH\Model.php(240): CodeIgniter\Database\BaseBuilder->get()
 4 SYSTEMPATH\BaseModel.php(618): CodeIgniter\Model->doFindAll(0, 0)
 5 APPPATH\Models\NewsModel.php(16): CodeIgniter\BaseModel->findAll()
 6 APPPATH\Controllers\News.php(14): App\Models\NewsModel->getNews()
 7 SYSTEMPATH\CodeIgniter.php(934): App\Controllers\News->index()
 8 SYSTEMPATH\CodeIgniter.php(499): CodeIgniter\CodeIgniter->runController(Object(App\Controllers\News))
 9 SYSTEMPATH\CodeIgniter.php(368): CodeIgniter\CodeIgniter->handleRequest(null, Object(Config\Cache), false)
10 FCPATH\index.php(67): CodeIgniter\CodeIgniter->run()
ERROR - 2023-03-01 12:33:26 --> mysqli_sql_exception: Table 'createnews.news' doesn't exist in C:\wampserver64\www\lab3\ci4\system\Database\MySQLi\Connection.php:295
Stack trace:
#0 C:\wampserver64\www\lab3\ci4\system\Database\MySQLi\Connection.php(295): mysqli->query('SELECT *\nFROM `...', 0)
#1 C:\wampserver64\www\lab3\ci4\system\Database\BaseConnection.php(691): CodeIgniter\Database\MySQLi\Connection->execute('SELECT *\nFROM `...')
#2 C:\wampserver64\www\lab3\ci4\system\Database\BaseConnection.php(605): CodeIgniter\Database\BaseConnection->simpleQuery('SELECT *\nFROM `...')
#3 C:\wampserver64\www\lab3\ci4\system\Database\BaseBuilder.php(1602): CodeIgniter\Database\BaseConnection->query('SELECT *\nFROM `...', Array, false)
#4 C:\wampserver64\www\lab3\ci4\system\Model.php(240): CodeIgniter\Database\BaseBuilder->get()
#5 C:\wampserver64\www\lab3\ci4\system\BaseModel.php(618): CodeIgniter\Model->doFindAll(0, 0)
#6 C:\wampserver64\www\lab3\ci4\app\Models\NewsModel.php(16): CodeIgniter\BaseModel->findAll()
#7 C:\wampserver64\www\lab3\ci4\app\Controllers\News.php(14): App\Models\NewsModel->getNews()
#8 C:\wampserver64\www\lab3\ci4\system\CodeIgniter.php(934): App\Controllers\News->index()
#9 C:\wampserver64\www\lab3\ci4\system\CodeIgniter.php(499): CodeIgniter\CodeIgniter->runController(Object(App\Controllers\News))
#10 C:\wampserver64\www\lab3\ci4\system\CodeIgniter.php(368): CodeIgniter\CodeIgniter->handleRequest(NULL, Object(Config\Cache), false)
#11 C:\wampserver64\www\lab3\ci4\public\index.php(67): CodeIgniter\CodeIgniter->run()
#12 {main}
CRITICAL - 2023-03-01 12:33:26 --> Table 'createnews.news' doesn't exist
in SYSTEMPATH\Database\BaseConnection.php on line 645.
 1 SYSTEMPATH\Database\BaseBuilder.php(1602): CodeIgniter\Database\BaseConnection->query('SELECT *
FROM `news`', [], false)
 2 SYSTEMPATH\Model.php(240): CodeIgniter\Database\BaseBuilder->get()
 3 SYSTEMPATH\BaseModel.php(618): CodeIgniter\Model->doFindAll(0, 0)
 4 APPPATH\Models\NewsModel.php(16): CodeIgniter\BaseModel->findAll()
 5 APPPATH\Controllers\News.php(14): App\Models\NewsModel->getNews()
 6 SYSTEMPATH\CodeIgniter.php(934): App\Controllers\News->index()
 7 SYSTEMPATH\CodeIgniter.php(499): CodeIgniter\CodeIgniter->runController(Object(App\Controllers\News))
 8 SYSTEMPATH\CodeIgniter.php(368): CodeIgniter\CodeIgniter->handleRequest(null, Object(Config\Cache), false)
 9 FCPATH\index.php(67): CodeIgniter\CodeIgniter->run()
INFO - 2023-03-01 12:34:29 --> Session: Class initialized using 'CodeIgniter\Session\Handlers\FileHandler' driver.
INFO - 2023-03-01 12:34:45 --> Session: Class initialized using 'CodeIgniter\Session\Handlers\FileHandler' driver.
INFO - 2023-03-01 12:34:56 --> Session: Class initialized using 'CodeIgniter\Session\Handlers\FileHandler' driver.
INFO - 2023-03-01 12:39:32 --> Session: Class initialized using 'CodeIgniter\Session\Handlers\FileHandler' driver.
INFO - 2023-03-01 12:42:55 --> Session: Class initialized using 'CodeIgniter\Session\Handlers\FileHandler' driver.
INFO - 2023-03-01 12:43:12 --> Session: Class initialized using 'CodeIgniter\Session\Handlers\FileHandler' driver.
INFO - 2023-03-01 12:43:15 --> CSRF token verified.
INFO - 2023-03-01 12:43:15 --> Session: Class initialized using 'CodeIgniter\Session\Handlers\FileHandler' driver.
INFO - 2023-03-01 12:43:30 --> CSRF token verified.
ERROR - 2023-03-01 12:43:30 --> mysqli_sql_exception: Table 'createnews.news' doesn't exist in C:\wampserver64\www\lab3\ci4\system\Database\MySQLi\Connection.php:295
Stack trace:
#0 C:\wampserver64\www\lab3\ci4\system\Database\MySQLi\Connection.php(295): mysqli->query('INSERT INTO `ne...', 0)
#1 C:\wampserver64\www\lab3\ci4\system\Database\BaseConnection.php(691): CodeIgniter\Database\MySQLi\Connection->execute('INSERT INTO `ne...')
#2 C:\wampserver64\www\lab3\ci4\system\Database\BaseConnection.php(605): CodeIgniter\Database\BaseConnection->simpleQuery('INSERT INTO `ne...')
#3 C:\wampserver64\www\lab3\ci4\system\Database\BaseBuilder.php(2295): CodeIgniter\Database\BaseConnection->query('INSERT INTO `ne...', Array, false)
#4 C:\wampserver64\www\lab3\ci4\system\Model.php(329): CodeIgniter\Database\BaseBuilder->insert()
#5 C:\wampserver64\www\lab3\ci4\system\BaseModel.php(782): CodeIgniter\Model->doInsert(Array)
#6 C:\wampserver64\www\lab3\ci4\system\Model.php(729): CodeIgniter\BaseModel->insert(Array, false)
#7 C:\wampserver64\www\lab3\ci4\system\BaseModel.php(692): CodeIgniter\Model->insert(Array, false)
#8 C:\wampserver64\www\lab3\ci4\app\Controllers\News.php(70): CodeIgniter\BaseModel->save(Array)
#9 C:\wampserver64\www\lab3\ci4\system\CodeIgniter.php(934): App\Controllers\News->create()
#10 C:\wampserver64\www\lab3\ci4\system\CodeIgniter.php(499): CodeIgniter\CodeIgniter->runController(Object(App\Controllers\News))
#11 C:\wampserver64\www\lab3\ci4\system\CodeIgniter.php(368): CodeIgniter\CodeIgniter->handleRequest(NULL, Object(Config\Cache), false)
#12 C:\wampserver64\www\lab3\ci4\public\index.php(67): CodeIgniter\CodeIgniter->run()
#13 {main}
CRITICAL - 2023-03-01 12:43:30 --> Table 'createnews.news' doesn't exist
in SYSTEMPATH\Database\BaseConnection.php on line 645.
 1 SYSTEMPATH\Database\BaseBuilder.php(2295): CodeIgniter\Database\BaseConnection->query('INSERT INTO `news` (`title`, `slug`, `body`) VALUES (:title:, :slug:, :body:)', [...], false)
 2 SYSTEMPATH\Model.php(329): CodeIgniter\Database\BaseBuilder->insert()
 3 SYSTEMPATH\BaseModel.php(782): CodeIgniter\Model->doInsert([...])
 4 SYSTEMPATH\Model.php(729): CodeIgniter\BaseModel->insert([...], false)
 5 SYSTEMPATH\BaseModel.php(692): CodeIgniter\Model->insert([...], false)
 6 APPPATH\Controllers\News.php(70): CodeIgniter\BaseModel->save([...])
 7 SYSTEMPATH\CodeIgniter.php(934): App\Controllers\News->create()
 8 SYSTEMPATH\CodeIgniter.php(499): CodeIgniter\CodeIgniter->runController(Object(App\Controllers\News))
 9 SYSTEMPATH\CodeIgniter.php(368): CodeIgniter\CodeIgniter->handleRequest(null, Object(Config\Cache), false)
10 FCPATH\index.php(67): CodeIgniter\CodeIgniter->run()
INFO - 2023-03-01 12:45:41 --> CSRF token verified.
CRITICAL - 2023-03-01 12:49:17 --> The action you requested is not allowed.
in SYSTEMPATH\Security\Security.php on line 306.
 1 SYSTEMPATH\Security\Security.php(306): CodeIgniter\Security\Exceptions\SecurityException::forDisallowedAction()
 2 SYSTEMPATH\Filters\CSRF.php(55): CodeIgniter\Security\Security->verify(Object(CodeIgniter\HTTP\IncomingRequest))
 3 SYSTEMPATH\Filters\Filters.php(173): CodeIgniter\Filters\CSRF->before(Object(CodeIgniter\HTTP\IncomingRequest), null)
 4 SYSTEMPATH\CodeIgniter.php(473): CodeIgniter\Filters\Filters->run('news/create', 'before')
 5 SYSTEMPATH\CodeIgniter.php(368): CodeIgniter\CodeIgniter->handleRequest(null, Object(Config\Cache), false)
 6 FCPATH\index.php(67): CodeIgniter\CodeIgniter->run()
INFO - 2023-03-01 12:49:20 --> Session: Class initialized using 'CodeIgniter\Session\Handlers\FileHandler' driver.
INFO - 2023-03-01 12:50:28 --> Session: Class initialized using 'CodeIgniter\Session\Handlers\FileHandler' driver.
INFO - 2023-03-01 12:50:59 --> CSRF token verified.
INFO - 2023-03-01 12:51:08 --> Session: Class initialized using 'CodeIgniter\Session\Handlers\FileHandler' driver.
